0 info it worked if it ends with ok
1 verbose cli [ 'C:\\Program Files\\nodejs\\node.exe',
1 verbose cli   'C:\\Users\\DDraiman1990\\AppData\\Roaming\\npm\\node_modules\\npm\\bin\\npm-cli.js',
1 verbose cli   'run',
1 verbose cli   'debug' ]
2 info using npm@3.10.5
3 info using node@v4.3.1
4 verbose run-script [ 'predebug', 'debug', 'postdebug' ]
5 info lifecycle project-hands@1.0.0~predebug: project-hands@1.0.0
6 silly lifecycle project-hands@1.0.0~predebug: no script for predebug, continuing
7 info lifecycle project-hands@1.0.0~debug: project-hands@1.0.0
8 verbose lifecycle project-hands@1.0.0~debug: unsafe-perm in lifecycle true
9 verbose lifecycle project-hands@1.0.0~debug: PATH: C:\Users\DDraiman1990\AppData\Roaming\npm\node_modules\npm\bin\node-gyp-bin;C:\Users\DDraiman1990\Desktop\Projects\ProjectHands\node_modules\.bin;C:\Program Files\nodejs;C:\Python27\;C:\Python27\Scripts;C:\ProgramData\Oracle\Java\javapath;C:\oraclexe\app\oracle\product\11.2.0\server\bin;C:\Program Files (x86)\Intel\iCLS Client\;C:\Program Files\Intel\iCLS Client\;C:\Windows\system32;C:\Windows;C:\Windows\System32\Wbem;C:\Windows\System32\WindowsPowerShell\v1.0\;C:\Program Files\Intel\Intel(R) Management Engine Components\DAL;C:\Program Files (x86)\Intel\Intel(R) Management Engine Components\DAL;C:\Program Files\Intel\Intel(R) Management Engine Components\IPT;C:\Program Files (x86)\Intel\Intel(R) Management Engine Components\IPT;C:\Program Files\Microsoft SQL Server\110\Tools\Binn\;C:\Program Files (x86)\Microsoft SDKs\TypeScript\1.0\;C:\Program Files\Microsoft SQL Server\120\Tools\Binn\;C:\Program Files\Common Files\Autodesk Shared\;C:\Program Files (x86)\Autodesk\Backburner\;C:\Program Files (x86)\QuickTime\QTSystem\;D:\Program Files\TortoiseSVN\bin;C:\Program Files (x86)\Skype\Phone\;C:\Program Files (x86)\Brackets\command;C:\Program Files\Git\cmd;C:\Program Files\nodejs\;C:\Program Files\Git LFS;C:\Program Files (x86)\Windows Kits\10\Windows Performance Toolkit\;C:\Windows\SysWOW64\WindowsPowerShell\v1.0\Modules\TShell\TShell\;C:\Program Files (x86)\NVIDIA Corporation\PhysX\Common;C:\Users\DDraiman1990\AppData\Local\atom\bin;C:\Users\DDraiman1990\AppData\Roaming\npm;C:\Program Files\MongoDB\Server\3.2\bin;C:\Program Files\Java\jdk1.8.0_91\bin;C:\Python27;C:\Python27\Scripts
10 verbose lifecycle project-hands@1.0.0~debug: CWD: C:\Users\DDraiman1990\Desktop\Projects\ProjectHands
11 silly lifecycle project-hands@1.0.0~debug: Args: [ '/d /s /c',
11 silly lifecycle   'set DEBUG=*,-express*,-socket.io*,-engine*,-send*,-body-parser* && node bin/www' ]
12 silly lifecycle project-hands@1.0.0~debug: Returned: code: 1  signal: null
13 info lifecycle project-hands@1.0.0~debug: Failed to exec debug script
14 verbose stack Error: project-hands@1.0.0 debug: `set DEBUG=*,-express*,-socket.io*,-engine*,-send*,-body-parser* && node bin/www`
14 verbose stack Exit status 1
14 verbose stack     at EventEmitter.<anonymous> (C:\Users\DDraiman1990\AppData\Roaming\npm\node_modules\npm\lib\utils\lifecycle.js:242:16)
14 verbose stack     at emitTwo (events.js:87:13)
14 verbose stack     at EventEmitter.emit (events.js:172:7)
14 verbose stack     at ChildProcess.<anonymous> (C:\Users\DDraiman1990\AppData\Roaming\npm\node_modules\npm\lib\utils\spawn.js:40:14)
14 verbose stack     at emitTwo (events.js:87:13)
14 verbose stack     at ChildProcess.emit (events.js:172:7)
14 verbose stack     at maybeClose (internal/child_process.js:821:16)
14 verbose stack     at Process.ChildProcess._handle.onexit (internal/child_process.js:211:5)
15 verbose pkgid project-hands@1.0.0
16 verbose cwd C:\Users\DDraiman1990\Desktop\Projects\ProjectHands
17 error Windows_NT 6.1.7601
18 error argv "C:\\Program Files\\nodejs\\node.exe" "C:\\Users\\DDraiman1990\\AppData\\Roaming\\npm\\node_modules\\npm\\bin\\npm-cli.js" "run" "debug"
19 error node v4.3.1
20 error npm  v3.10.5
21 error code ELIFECYCLE
22 error project-hands@1.0.0 debug: `set DEBUG=*,-express*,-socket.io*,-engine*,-send*,-body-parser* && node bin/www`
22 error Exit status 1
23 error Failed at the project-hands@1.0.0 debug script 'set DEBUG=*,-express*,-socket.io*,-engine*,-send*,-body-parser* && node bin/www'.
23 error Make sure you have the latest version of node.js and npm installed.
23 error If you do, this is most likely a problem with the project-hands package,
23 error not with npm itself.
23 error Tell the author that this fails on your system:
23 error     set DEBUG=*,-express*,-socket.io*,-engine*,-send*,-body-parser* && node bin/www
23 error You can get information on how to open an issue for this project with:
23 error     npm bugs project-hands
23 error Or if that isn't available, you can get their info via:
23 error     npm owner ls project-hands
23 error There is likely additional logging output above.
24 verbose exit [ 1, true ]
